

6 

001. Are you sure…?

http://basicenglishspeaking.com/wp-content/uploads/audio/001.mp3
 
I. EXAMPLES:
 Are you sure?
 Are you sure about that?
 Are you sure of what you said?
 Are you sure that he is not coming?
II. DIALOGUES:
A: I’ve had so many problems with my new car. It’s driving me crazy.
B: Are you sure you don’t want to buy a new one?
A: How can I? I already spent a lot of money on this one.
B: I guess you’ll be spending a lot of money on repairs then.
A: I guess so. Unless, you want to buy the car.
B: No, thanks. I don’t think I’d want to buy your car. It has too many problems.
A: I don’t blame you. It’s a piece of junk.
 
 
 



4 

002. Are you used to?

http://basicenglishspeaking.com/wp-content/uploads/audio/002.mp3
 
I. EXAMPLES:
 Are you used to using chopsticks?
 Are you used to life here?
 Are you used to staying up late?
 II. DIALOGUES:
A: How long have you been living in China?
B: About three years now.
A: Are you used to eating the food here?
B: Yes, I like it very much.
A: What about chopsticks? Are you used to using them?
B: It took me a while to get used to it but now it’s a piece of cake.
 



0 

003. As far as…

http://basicenglishspeaking.com/wp-content/uploads/audio/003.mp3
 
I. EXAMPLES:
 As far as I can remember, he didn’t come home until midnight.
 As far as I recollect, there were few people in the village then.
 As far as I recall, they quarreled very often at that time.
 As far as I can see, he’s a big liar.
 II. DIALOGUES:
A: Have you seen Tom?
B: No. As far as I can remember he was supposed to be on a business trip to Lisbon.
A: Yes, but he was supposed to be back by now.
B: Have you called his home?
A: Yeah, but there is no answer.
B: Maybe you should call the police and file a missing person’s report.
 
 
 
 
 



0 

004. As far as… (is) (am) (are) concerned,…

http://basicenglishspeaking.com/wp-content/uploads/audio/004.mp3
 
I. EXAMPLES:
 As far as I’m concerned, I don’t mind that you wear this mini-skirt.
 The coat is fine as far as color is concerned, but it is not very good quality.
 So far as he’s concerned, nothing is as important as his daughter.
 II. DIALOGUES:
A: Have you seen the movie, Silence of the Lambs?
B: Yes. It gave me the creeps.
A: Come on, it wasn’t that bad.
B:  Yes, it was. As far as I’m concerned, I’m never going to see another movie like that again.
A: Well, as far as the plot is concerned, I think it’s an interesting movie.
B: Yes, but some of the scenes were too gory.
 
 
 
 
 



3 

005. Be careful with…

http://basicenglishspeaking.com/wp-content/uploads/audio/005.mp3
 
I. EXAMPLES:
 Be careful with the wet paint.
 Be careful that you don’t  catch a cold. Put on more clothes before you go out.
 Be careful not to spill the milk.
 II. DIALOGUES:
A:  She has been calling me for several days now.  I  think she’s interested in me.
B: Are you sure? I think she already has a boyfriend.
A: How do you know?
B: A friend of hers told me. I’d be careful if I were you.
A: Why?
B: Because I heard her boyfriend is a weightlifter.
A: Wow! You’re right. I guess I better not call her.
 
 
 
 



0 

006. But this doesn’t mean that…

http://basicenglishspeaking.com/wp-content/uploads/audio/006.mp3
 
I. EXAMPLES:
 We are your employees,  but  this doesn’t mean that  we must  obey you unconditionally.
 You are much older than I am, but it doesn’t mean that you are right about everything.
 I  support  this measure,  but  it  doesn’t mean that  I  support  you  without reservation.
 I like you, but this doesn’t mean that I’ll marry you.
 II. DIALOGUES:
Wife: Dear, we have been driving around aimlessly for hours. Don’t you think we should ask for directions?
Husband: Look honey, maybe we’ve been driving for a long time,  but  this doesn’t mean that we’re lost.
Wife: Really? Then what have we been doing all this time?
Husband: Well, we’re taking the scenic route.
Wife:  Oh,  I see.  You just  don’t  want  to admit  that  we’re lost.  You know, sometimes you’re too proud.
Husband: OK, we’re lost, but this does not mean that you have to rub it in.
 



0 

007. By the way…

http://basicenglishspeaking.com/wp-content/uploads/audio/007.mp3
 
I. EXAMPLES:
 By the way, is there a bathroom in the apartment?
 By the way, do you have any change on you?
 By the way, he is a difficult person
 II. DIALOGUES:
A: I need to lose weight.
B: Yeah, me too.
A: By the way, when was the last time you exercised?
B: I can’t remember.
A: How about we both go running tomorrow?
B: Yeah, that’s a good idea. That way we can lose weight and get in shape at the same time. By the way, do you have any running shoes I can borrow?
A: Sure. I’ll lend you an extra pair.
 



0 

008. Compared to…

http://basicenglishspeaking.com/wp-content/uploads/audio/008.mp3
 
I. EXAMPLES:
 Compared to other students, she is quite hard working.
 Compared to city life, country life is quiet and peaceful.
 Compared to fans, air-conditioners are more comfortable.
II. DIALOGUES:
A: So how do you like your new job?
B: Compared to my last one, it’s a lot more interesting.
A: What was your last job?
B: I was a night security guard.
A: That sounds interesting.
B: Not really, since compared to my new job, I hardly saw anybody else while I was on duty.
 



1 

009. Did you use to…

http://basicenglishspeaking.com/wp-content/uploads/audio/009.mp3
 
I. EXAMPLES:
 Did you use to live in Tokyo?
 Did you use to get up early?
 You used to smoke heavily, didn’t you?
II. DIALOGUES:
A: Did you use to have any really bad habits?
B: I used to bite my toenails when I was younger but now I don’t.
A: What made you stop?
B: One day I bit my toenail too deeply and my toe started bleeding. So I learned my lesson and didn’t bite my toenails again.
 



1 

010. Don’t ever…

http://basicenglishspeaking.com/wp-content/uploads/audio/010.mp3
 
I. EXAMPLES:
 Don’t ever lose these papers. They are of great importance to our company.
 Don’t ever miss a good opportunity.
 Don’t ever arrive late for an interview.
II. DIALOGUES:
Son: Mom, can I go swimming in the pool now?
Mother: But you just had your lunch.
Son: I know but it’s hot and I want to cool off.
Mother: Don’t ever go swimming right after eating or else you’ll get cramps.
Son: When can I go swimming then?
Mother: Why don’t you wait for at least a half an hour.
 



0 

011. Do you agree…?

http://basicenglishspeaking.com/wp-content/uploads/audio/011.mp3
 
I. EXAMPLES:
 Do you agree that we should start early?
 Do you agree with my plan?
 Will he agree to the conditions in the contract?
II. DIALOGUES:
A: I think studying English is boring and a waste of time. Don’t you agree?
B: No. I think it’s really important if you want to have a good job in the future.
A: But it’s too hard to learn.
B: I don’t agree. You just have to work at it and be persistent.
A:  Maybe you’re right.  I  guess I need to work harder at  it and be more disciplined.
 



0 

012. Do you carry this in…?

http://basicenglishspeaking.com/wp-content/uploads/audio/012.mp3
 
I. EXAMPLES:
 Do you carry this in size 10?
 Do you carry this in beige?
 Do you have this in medium?
II. DIALOGUES:
Store Owner: How do you like this sweater?
Customer: It looks beautiful. Can I try it on?
Store Owner: Sure. Go ahead.
Customer: Oh I’m afraid it’s too tight on me. Do you carry this in a larger size?
Store Owner: Yes, we do. Here try this one.
Customer: This is perfect. I’ll take this one.
 



0 

013. Do you have… available?

http://basicenglishspeaking.com/wp-content/uploads/audio/013.mp3
 
I. EXAMPLES:
 Do you have any single rooms available?
 Do you have any tickets available?
 Do you have any shoes in size 20 available?
II. DIALOGUES:
Store Owner: Hello, can I help you?
Customer: Yes, I’m looking to buy a leather jacket.
Store Owner: What kind of leather jacket are you interested in?
Customer: I was wondering, do you have any black leather jackets available?
Store Owner: Sure we do. Why don’t you sit down and I’ll get you some to try on.
Customer: OK. Thanks.
 



0 

014. Do you mind…?

http://basicenglishspeaking.com/wp-content/uploads/audio/014.mp3
 
I. EXAMPLES:
 Would you mind if I smoke here?
 Do you mind opening the window? It’s so stuffy in here.
 Do you mind if I ask you a question?
II. DIALOGUES:
Employer: Well, you have been working with our company for 10 years now.
Employee: Yes I know. It’s been a long time.
Employer: In all this time you have never asked for a raise. Do you mind if I ask you why?
Employee: That’s because my wife is rich.
Employer: Really? What does she do?
Employee: Well, she owns your company.
 



0 

015. Do you feel like…?

http://basicenglishspeaking.com/wp-content/uploads/audio/015.mp3
 
I. EXAMPLES:
 Do you feel like going for a walk on the beach?
 Do you feel like going shopping at the mall?
 Do you feel like eating some ice cream or having cake or both?
 Do you feel like having some coffee?
 Do you feel like getting a bite to eat?
II. DIALOGUES:
A: I’m so bored.
B: Feel like watching a movie?
A: No, I feel like going dancing.
B: Where do you want to go?
A: How about Sam’s Disco?
B: I don’t feel like going there. It’s always too crowded.
A: We’ll try the disco down the block. It’s called Rick’s Disco.
B: OK. We’ll give it a try.
 



0 

016. Shouldn’t we…?

http://basicenglishspeaking.com/wp-content/uploads/audio/016.mp3
 
I. EXAMPLES:
 Shouldn’t we ask for permission first?
 Shouldn’t we read the directions before we install the air conditioner?
 Shouldn’t we check the weather before we go out?
 Shouldn’t you try to save some money rather than spend it all?
II. DIALOGUES:
A: Are you ready to go to the beach?
B: Wait. Shouldn’t we check the weather report before we leave?
A: No, it’s a beautiful day and the sun is out.
B: I heard on the news last night that there was a forecast for rain.
A: You shouldn’t believe everything you hear on TV.
 



1 

017. Have you ever…?

http://basicenglishspeaking.com/wp-content/uploads/audio/017.mp3
 
I. EXAMPLES:
 Have you ever been to New York?
 Have you ever been to Nanjing?
 Have you ever seen Ghost?
 Have you ever wondered if there is life after death?
 Have you ever heard of it?
II. DIALOGUES:
A: I want to quit my job.
B: Why, what’s the matter?
A: Nothing. I just want a change.
B: But you have a great job and you’ve been working there for ten years.
A: I know, but haven’t you ever wanted to do something different?
B: I guess so, but it seems more prudent to just stay where I am and continue
working in my current job.
 



0 

018. Not…until…

http://basicenglishspeaking.com/wp-content/uploads/audio/018.mp3
 
I. EXAMPLES:
 Don’t tell him the bad news until he finishes his exam.
 The secret was not discovered until he was dead.
 I won’t stop shouting until you let me go.
II. DIALOGUES:
A: I heard that Bill got divorced.
B: Yes, he is really sad now.
A:I thought he wanted to get divorced because he didn’t love his wife anymore.
B: Yes, but he didn’t realize how much he needed her until they got divorced.
A: Yeah. Well now it’s too late. She already has another husband.
B: That’s  too bad.  Sometimes people often don’t  appreciate  what  they have until they lose it.
 



0 

019. He is as… as…

http://basicenglishspeaking.com/wp-content/uploads/audio/019.mp3
 
I. EXAMPLES:
 He is as poor as a church mouse.
 He is as fit as a fiddle though he is already seventy.
 Shelly’s father is always as busy as a bee.
 The twin sisters are as different as night and day.
 The lecture is as dull as ditch-water.
II. DIALOGUES:
A: Have you seen him run in a race?
B: Yes. He’s as fast as the wind when he runs.
A: But he’s not too good when it comes to studying.
B: One of my friends said he’s as dumb as a post.
A: That’s not a nice thing to say.
B: Maybe it’s not nice, but it’s true.
 



0 

020. He is either…or…

http://basicenglishspeaking.com/wp-content/uploads/audio/020.mp3
 
I. EXAMPLES:
 He is either drunk or mad.
 It’s either your fault or her fault.
 Either you are wrong or I am.
II. DIALOGUES:
A: Do you have the report you promised me?
B: What report?
A: You know, your work report.
B: Either you’re kidding me or I’m getting forgetful in my old age.
A: I think it’s the latter.
B: I’m sorry. I’ll hand it in tomorrow.
 



1 

021. He is so… that…

http://basicenglishspeaking.com/wp-content/uploads/audio/021.mp3
 
I. EXAMPLES:
 I was so interested in the film that I went to see it several times.
 It’s so hot that none of us want to go out.
 He speaks French so well that we think he is a Frenchman.
II. DIALOGUES:
A: Can you believe the weather we’re been having lately?
B: Yeah, it’s really hot, isn’t it?
A: It’s so hot you can fry an egg on the sidewalk.
B: Maybe you’re exaggerating a little bit.
A: OK, maybe it’s not that hot. But it’s hot enough to get a heat stroke.
B: You make it sound so hot, I don’t want to leave my air-conditioned house.
 



0 

022. He is not only… but also…

http://basicenglishspeaking.com/wp-content/uploads/audio/022.mp3
 
I. EXAMPLES:
 He is not only humorous, but also patient.
 He is not only a good leader, but also an eloquent speaker.
 I’m not only going to the party, I’m also going to sing at it.
 Not only do I support you, so do your acquaintances.
II. DIALOGUES:
A: Have you seen the movie Gone with the Wind?
B: Yeah. I think Vivian Leigh is beautiful.
A: She’s not only beautiful; she’s also a talented actress.
B: Yes, I’ve enjoyed all her movies.
A: Which one is your favorite?
B: I like her best in A Streetcar Named Desire.
 



0 

023. Help yourself to…

http://basicenglishspeaking.com/wp-content/uploads/audio/023.mp3
 
I. EXAMPLES:
 Make yourself at home. Help yourself to some fish.
 Help yourself to the refrigerator.
 Help yourself to some steak. I made it especially for you
II. DIALOGUES:
A: Thanks for inviting me over for dinner this evening.
B: You’re welcome.
A: It looks delicious.
B: Well here. Help yourself to some shrimp. It’s fresh.
A: Thank you. Mm… It tastes delicious.
B: Have some more. I don’t want you to leave hungry.
 



0 

024. How about…?

http://basicenglishspeaking.com/wp-content/uploads/audio/024.mp3
 
I. EXAMPLES:
 How about going for a spin in my new car?
 How about minding your own business?
 How about those Yankees!
 What about your holidays?
 What about his qualifications for the job?
II. DIALOGUES:
Husband: Is it time to get up already?
Wife: Yes, Dear, it’s 6 a.m. You have to hurry up and get dressed.
Husband: I guess so, hey honey how about making me a cup of coffee while I hop in the shower?
Wife: Sure, Dear. How would you like your coffee?
Husband: With milk and sugar, please.
Wife: Sure, right away. Now take that shower before it gets too late.
 



1 

025. How come…?

http://basicenglishspeaking.com/wp-content/uploads/audio/025.mp3
 
I. EXAMPLES:
 You forgot to bring your homework again. How come?
 How come your little sister is so angry?
 How come we were not invited to the party?
II. DIALOGUES:
A: Are you going to your sister’s wedding?
B: I decided not to go.
A: How come you’re not going?
B:  Because I’m afraid that if I go I’ll catch the bouquet of flowers and then I’ll have to get married.
A: Don’t be silly. Just make sure you don’t catch it.
B: Hey, that’s a good idea. I never thought of that.
 



0 

026. How dare you…!

http://basicenglishspeaking.com/wp-content/uploads/audio/026.mp3
 
I. EXAMPLES:
 How dare you call me fat!
 How dare you speak to me like that!
 How dare he do that to me!
 How dare you turn him down!
II. DIALOGUES:
Boss:  David,  more and more money has been missing from the company’s funds over the past six months.
Employee: Really? What’s been happening?
Boss: Obviously somebody has been stealing the money.
Employee: Who do you think it could be?
Boss: Well, you’re the accountant. You tell me.
Employee: Do you think I did it? How dare you accuse me of stealing!
 



0 

027. How do you like…?

http://basicenglishspeaking.com/wp-content/uploads/audio/027.mp3
 
I. EXAMPLES:
 How do you like your new apartment?
 How do you like your new colleagues?
 How does your mother like the tea set?
II. DIALOGUES:
A: How long have you been in China?
B: A few months.
A: How do you like living here?
B: Great! I’m having a great time.
A: How do you like the food here?
B: It’s pretty good. I just can’t get used to using chopsticks.
A: You’ll get used to them after a while.
B: I love them. They are very friendly to me.
 



0 

028. How long does it take…?

http://basicenglishspeaking.com/wp-content/uploads/audio/028.mp3
 
I. EXAMPLES:
 How long does it take to get to the station by subway?
 How long will it take to build the stadium?
 How long did it take you to knit this sweater?
II. DIALOGUES:
Teacher: Did you finish the assignment I gave you last week?
Student: Sure, no problem.
Teacher: Really, you didn’t think it was difficult?
Student: Actually it was pretty easy.
Teacher: How long did it take you to finish the assignment?
Student: It only took a day. My friend and I did it together so it was easier.
 



0 

029. How often…?

http://basicenglishspeaking.com/wp-content/uploads/audio/029.mp3
 
I. EXAMPLES:
 How often is there a leap year?
 How often is there a flight to Shanghai?
 How often do you write to your parents?
II. DIALOGUES:
A: I’ve been having bad dreams lately.
B: Really? How often?
A: Just about every night.
B: What do you dream about?
A: I dream about  being in a boat  and suddenly a storm comes and I drown because I can’t swim.
B: Maybe you should learn how to swim. Then you won’t have any nightmares
 



1 

030. I bet…

http://basicenglishspeaking.com/wp-content/uploads/audio/030.mp3
 
I. EXAMPLES:
 I bet we’re lost.
 I bet he is home now.
 I bet he will win the prize.
II. DIALOGUES:
A: Where’s my wallet?
B: You left it on your desk. Remember?
A: I know but it’s not there anymore.
B: I bet Sally took it.
A: What makes you think so?
B: I saw her hanging around your desk when you weren’t there.
 



1 

031. I can hardly believe that…

http://basicenglishspeaking.com/wp-content/uploads/audio/031.mp3
 
I. EXAMPLES:
 I can hardly believe that he is deaf; he can understand us so well.
 I can hardly believe that Paul was put in prison for bribery.
 I can hardly believe what I have seen.
II. DIALOGUES:
Employer: I have some bad news for you.
Employee: What’s the matter?
Employer: Our company has been having some financial troubles and we have to lay off some workers.
Employee: Really?
Employer: I’m afraid so and you’re one of the workers whose job we’ll have to cut.
Employee: I can hardly believe my ears! I never thought I would lose my job here.
 



0 

032. I can’t help…

http://basicenglishspeaking.com/wp-content/uploads/audio/032.mp3
 
I. EXAMPLES:
 I can’t help laughing every time I think of that.
 I couldn’t help noticing your ring; it’s beautiful.
 I can’t help but feel sorry for him.
 I can’t help remembering how beautiful she looked.
II. DIALOGUES:
A: So how long have you known Maria?
B: Only four days.
A: Only four days! That’s so short, and you seem so crazy about her.
B: I know. I can’t help thinking about her. She’s always on my mind.
A: Well, why don’t you ask her out on a date?
B: I’d like to, but what if she said no? I don’t think I could stand the rejection.
 



0 

033. I can’t say…

http://basicenglishspeaking.com/wp-content/uploads/audio/033.mp3
 
I. EXAMPLES:
 I can’t say for certain.
 I can’t say who did the best.
 I can’t say with any certainty that eating less can be a cure for obesity.
II. DIALOGUES:
A: So who do you think will win the NBA championships?
B: I really can’t say. Both teams this year seem really good.
A: Hey there’s a game on tonight. You want to watch it with me?
B: That sounds great! Can your brother watch it with us?
A: Well I can’t say. He said he’d be home late from work.
 



0 

034. I cannot wait to…

http://basicenglishspeaking.com/wp-content/uploads/audio/034.mp3
 
I. EXAMPLES:
 I can’t wait to see my family.
 I can’t wait to hear from you.
 I can’t wait to buy a computer.
II. DIALOGUES:
Daughter: Only two days until my birthday! I can’t wait!
Mom: Now don’t get too excited, you still have lots of homework to do.
Daughter: I hope a lot of people come to my party.
Mom: Did I tell you that Aunt Jenny will be there?
Daughter: Really! That’s great! Oh, I can’t wait to see her.
Mom:  Me too.  OK, now get  back to your homework.  You still have lots to do before your birthday.
 



0 

035. I dare say…

http://basicenglishspeaking.com/wp-content/uploads/audio/035.mp3
 
I. EXAMPLES:
 I dare say you will succeed in the election.
 I dare say he won’t come.
 A: I would imagine he’s forgotten.
B: I dare say he has.
II. DIALOGUES:
A: I heard the news this morning about our friend Jim.
B: Is it true that he will be leaving us to live in Alaska?
A: Yes. He’s going there to live with the Eskimos.
B: I dare say that’s an adventurous thing to do.
A:  Yeah,  well,  he’s going there to teach the Inuit  population, who suffer from high illiteracy.
B: I hope that he will succeed and make friends with the people he’ll be with.
 



0 

036. I’d like you to…

http://basicenglishspeaking.com/wp-content/uploads/audio/036.mp3
 
I. EXAMPLES:
 I’d like you to fetch some boiled water.
 I’d like you to send for a doctor.
 I’d like you to look after my baby for a while.
II. DIALOGUES:
A: I’d like you to do me a favor.
B: What is it?
A: Can you mail this at the post office for me? I have to go to the doctor for an appointment and I don’t have enough time to go to the post office.
B: OK, but can you get something for me when you go to the doctor’s?
A: Sure, what is it?
B: I’d like you to get some cold medicine. I think I have a cold.
 



0 

037. I’d hate for you to…

http://basicenglishspeaking.com/wp-content/uploads/audio/037.mp3
-> used to emphasize that you do not want something to happen.
 
I. EXAMPLES:
 I’d hate for you to think I didn’t care.
 I’d hate for you to miss the party.
 I’d hate for you to leave our company.
 I’d hate for you to get sick.
II. DIALOGUES:
A: Do you have the five dollars I lent you yesterday?
B: Oh I forgot! I’ll l run home real quick and bring you the money.
A: You don’t have to go right away.
B: I’d hate for you to think I was lazy in returning your money.
A: That’s OK. I know you’re a responsible person.
B: Yeah, but just the same, I’ll go home and get the money right away.
 



0 

038. If it hadn’t been for…

http://basicenglishspeaking.com/wp-content/uploads/audio/038.mp3
-> used for saying who or what prevented something from happening
 
I. EXAMPLES:
 If it hadn’t been for your help, my experiments would have failed.
 If it hadn’t been for the lifeboat, I would have drowned.
 If it hadn’t been for her careful arrangement, the party would not have been a success.
 Without my persuasion, he would not have come.
 Without your financial support, we could not have finished the project
II. DIALOGUES:
Woman: Where’s my son?
Fireman: Don’t worry, Miss, your son will be fine. We sent him to the hospital.
Woman: Thank you so much.
Fireman: You’re welcome.
Woman: Without your help my son would have died in that fire.
Fireman:  We got here just  in time.  A minute  later and it would have been almost impossible to save him.
 



0 

039. If there is one thing that… me, it’s…

http://basicenglishspeaking.com/wp-content/uploads/audio/039.mp3
 
I. EXAMPLES:
 If  there is one thing that  annoys me,  it’s people who don’t keep their promises.
 If there is one thing that disappoints me, it’s his failure to arrange his time responsibly.
 If there is one thing that upsets me, it’s my forgetfulness.
 If there is one thing that surprises me, it’s his winning the competition.
 If there is one thing that interests me, it’s fashion design
II. DIALOGUES:
A: Is that pesky lady coming to the office again?
B: Yeah, I’m afraid so.
A: If there’s one thing that bugs me, it’s her critical attitude.
B: Yeah, well, that’s her personality, I guess.
A: But it’s so annoying. She makes me feel so stupid sometimes.
B: Just don’t pay any attention to her. She won’t stay long.
 



0 

040. I have no idea…

http://basicenglishspeaking.com/wp-content/uploads/audio/040.mp3
 
I. EXAMPLES:
 I had no idea that she was a thief.
 He has no idea how to operate these machines.
 I have no idea what time it is.
II. DIALOGUES:
Teacher 1: Have you met the new student Sally?
Teacher 2: Yes, she is a very nice girl.
Teacher 1: I kept asking her questions in class today, but she wouldn’t respond.
Teacher 2: That’s because she is hard of hearing.
Teacher 1: I had no idea she had a hearing problem.
Teacher 2: It’s not too serious. You should make her sit in the front of the class so she can hear you better.
 



0 

041. I have got to…

http://basicenglishspeaking.com/wp-content/uploads/audio/041.mp3
 
I. EXAMPLES:
 I’ve got to go.
 I have got to buy something to drink.
 I have got to mail some cards to my friends.
 I’ve got to apologize for troubling you so much.
 You’ve got to try this dish; it’s tasty.
II. DIALOGUES:
A: How many candy bars have you eaten today?
B: I think I’ve eaten ten so far.
A: That’s too much! You’ve got to stop eating so much.
B: Why?
A: Because if you eat too much candy, you’ll rot your teeth.
B: You’re right. I’ve got to stop eating so many sweets.
 



0 

042…. as… as possible

http://basicenglishspeaking.com/wp-content/uploads/audio/042.mp3
 
I. EXAMPLES:
 I’ll be back as soon as possible.
 I’ll work as hard as I can.
 Try to be as careful as possible.
 Come as quickly as possible.
 Run as fast as you can.
II. DIALOGUES:
Father: I hope you’ll do better this semester. I was disappointed in your grades last year.
Son: Don’t worry, Dad. I’ll study as hard as I can.
Father: I hope so. If you have any questions, just ask me and I’ll help you as much as possible.
Son: Thanks, Dad.
Father: Your education is important for your future.
Son: I know. I’ll work as hard as I can.
 



0 

043. I’ll let you know…

http://basicenglishspeaking.com/wp-content/uploads/audio/043.mp3
 
I. EXAMPLES:
 I’ll let you know when I’m leaving for Beijing.
 I’ll let you know if I can make it for dinner.
 I’ll let you know if I get bored.
 I’ll let you know when I get hungry.
II. DIALOGUES:
A: Are you coming to dinner tonight?
B: I don’t know. I have to work late tonight.
A: When will you know for sure?
B: I’ll let you know this afternoon if I can make it for dinner tonight.
A: What time this afternoon?
B: I’ll give you a call around 3:00.
 



0 

044. I’d be grateful…

http://basicenglishspeaking.com/wp-content/uploads/audio/044.mp3
 
I. EXAMPLES:
 I’d be grateful for your help.
 I’d be grateful if you’d be quiet.
 I’d be grateful if you’d give me a hand.
 I’d be grateful if you’d take care of my baby.
 I’d be grateful if you danced with me.
II. DIALOGUES:
A: How do you like the music at this dance club?
B: It’s great. I love dancing.
A: Me too. You know I’d be grateful if you’d dance with me.
B: Sure, but first you have to do me a favor.
A: What’s that?
B: Well, I’d be grateful if you’d stop stepping on my foot.
 



0 

045. I’m afraid…

http://basicenglishspeaking.com/wp-content/uploads/audio/045.mp3
 
I. EXAMPLES:
 I’m afraid you didn’t quite get his meaning.
 A: Could I speak to Elizabeth, please?
B: I’m afraid she is not in at the moment.
 I’m afraid we are going to be late.
 I’m afraid I can’t make it.
II. DIALOGUES:
Policeman: OK, stop right there you thief! Don’t Move!
Bank Manager: Don’t shoot!
Policeman: Put your hands over your head and don’t make any sudden move.
Bank Manager:  Look,  officer, I’m afraid you have the wrong person. I’m the bank manager, not the thief.
Policeman: Are you sure? Oh, I’m sorry. I’m afraid I’ve made a terrible mistake.
Bank Manager: Well, you still have a chance to get your man. I saw somebody carrying a bag full of money running that way.
 



0 

046. I’m calling to…

http://basicenglishspeaking.com/wp-content/uploads/audio/046.mp3
 
I. EXAMPLES:
 I’m calling to say goodbye to you.
 I’m calling to tell you that the concert begins at 7:00.
 I’m calling to book two tickets for tonight’s film.
 I’m calling to warn you of the coming storm.
II. DIALOGUES:
Teammate: Hello?
Coach: Hello! Is this Peter?
Teammate: Yes. Hello! Coach.
Coach: I’m calling to remind you that we have practice tomorrow.
Teammate: What time does it begin?
Coach: We’ll start at 6 a.m. So don’t be late.
 



0 

047. I’m looking forward to…

http://basicenglishspeaking.com/wp-content/uploads/audio/047.mp3
 
I. EXAMPLES:
 I’m looking forward to working with you.
 I’m looking forward to coming to China again.
 I’m really looking forward to the holidays.
II. DIALOGUES:
Nephew: Aunt Jane, I hope you’ll be home next Sunday. I’d like you to meet my fiancée.
Aunt: I’m looking forward to meeting her. What’s her name again?
Nephew: Rachel.
Aunt: That’s such a lovely name. How long have you known each other?
Nephew: About two years now.
Aunt: I am looking forward to attending your wedding soon.
 



0 

048. I’m not really happy with…

http://basicenglishspeaking.com/wp-content/uploads/audio/048.mp3
 
I. EXAMPLES:
 I’m not really happy with their performance.
 I’m not really happy with your behavior.
 I’m not really happy with your present situation.
 I’m not really happy with their service.
 I’m not really happy with my life.
II. DIALOGUES:
A: I’ve been so depressed lately.
B: Why? What’s the matter?
A: I’m getting older and I’m not happy with the way my life is going.
B: What’s so bad about it?
A: I just go from girlfriend to girlfriend and I’m never happy or satisfied.
B: I think you’re thinking too much about yourself. You need to concentrate on helping others.
 



0 

049. I’m thinking about…

http://basicenglishspeaking.com/wp-content/uploads/audio/049.mp3
 
I. EXAMPLES:
 I’m thinking about moving to a new house.
 I’m thinking about taking a science course.
 I’m thinking about getting a divorce.
II. DIALOGUES:
A: What are you going to have for breakfast?
B: I’m thinking about having some eggs.
A: That sounds good. Can you make some for me too?
B: Sure. How many do you want?
A: I think I’ll have two eggs.
B: OK. Two eggs are coming right up.
 



0 

050. I really go for…

http://basicenglishspeaking.com/wp-content/uploads/audio/050.mp3
 
->like a particular type of person or thing /choose a particular thing/ try to get something
I. EXAMPLES:
 I really go for Beethoven.
 I really go for this house. It’s terrific.
 She goes for tall and handsome men.
 I don’t go much for modernism.
II. DIALOGUES:
A: Hey, I’m hungry. How about you?
B: Yeah, I can really go for some Chinese food right now.
A: That’s a great idea. Let’s go to a Chinese restaurant right now.
B: OK. It’s my treat.
A: Are you sure?
B: Yeah. You can pay next time.
 



0 

051. It is… that…

http://basicenglishspeaking.com/wp-content/uploads/audio/051.mp3
 
I. EXAMPLES:
 It was Jack who broke the window when we were playing football.
 It is Jane that I want to marry.
 It was here in the supermarket that he met his first love.
II. DIALOGUES:
A: Who ate all the cookies?
B: I think it was the dog that ate them.
A: Are you sure?
B: It’s possible.
A: I think it was you who ate all the cookies but you’re trying to cover it up.
 



0 

052. It’s too bad that…

http://basicenglishspeaking.com/wp-content/uploads/audio/052.mp3
 
->express a concern or regret for what has happened.
I. EXAMPLES:
 It’s too bad that we lost the match.
 It’s too bad that we have to cancel the get-together.
 It’s too bad that you can’t come.
 It’s too bad.
 It’s too bad that the rain spoiled our picnic.
II. DIALOGUES:
A: What happened to Steve? I haven’t seen him at work for a long time.
B: He was fired because of his poor work performance.
A: It’s too bad he’s gone. He had such a good sense of humor.
B: Yes, but he also had a serious drinking problem which affected his work.
A: I didn’t know that.
B: Yeah. He had such potential too. It’s too bad.
 



0 

053. It’s my fault for…

http://basicenglishspeaking.com/wp-content/uploads/audio/053.mp3
 
I. EXAMPLES:
 It’s my fault we missed the bus.
 It’s my fault you didn’t get paid on time.
 It’s my fault we lost the game.
II. DIALOGUES:
A: I can’t find my car keys.
B: I’m sorry it’s my fault. I accidentally locked them in the car last night when I came home.
A: Well, at least they’re not lost.
B: That’s true but how are you going to get them out?
A: I have another set of keys tied under the car.
B: That was smart thinking.
 



0 

054. It’s not that… but…

http://basicenglishspeaking.com/wp-content/uploads/audio/054.mp3
 
I. EXAMPLES:
 It’s not that I don’t like the car, but I think it is too expensive.
 It’s not that I am unwilling to help you, but I’m tied up with extra work these days.
 It’s not  that  he doesn’t need your help,  but he thinks it  will be an inconvenience to you.
 A mountain is not famous because it is high, but because it has some spirit dwelling in it.
II. DIALOGUES:
Mother: You have to finish your dinner before you leave the table.
Son: But, Mom, I can’t eat anymore. I’m stuffed.
Mother: What’s the matter? It doesn’t taste good?
Son:  It’s not that I don’t like your cooking, but  I ate some cookies before we had dinner.
Mother: And now you don’t have an appetite. You know you’re not supposed to have any snacks before dinner.
Son: Sorry, Mom. I promise I’ll try and finish eating everything.
 



0 

055. It’s on the tip of my tongue.

http://basicenglishspeaking.com/wp-content/uploads/audio/055.mp3
 
->This expression is used when you are sure that you know something, but somehow it doesn’t quite come to you.
I. EXAMPLES:
 It’s on the tip of my tongue, let me see.
 His address is on the tip of my tongue, wait a minute.
 The question she wanted to ask was on the tip of her tongue.
II. DIALOGUES:
A: Did you see the new employee in our company?
B: Yeah. Do you know her name?
A: It’s on the tip of my tongue but I just can’t remember.
B: Well, let’s just ask the manager?
A: I’ve got a better idea. Let’s just ask her instead.
 



1 

056. It’s said that…

http://basicenglishspeaking.com/wp-content/uploads/audio/056.mp3
 
I. EXAMPLES:
 It is said that he is quite a handsome young man.
 It’s said that a new president will be appointed.
 It  should be pointed out  that  your proposals are theoretically correct  but practically impossible.
 It has been proven that your method is the best.
 It will be noted that what they have done to him is wrong.
II. DIALOGUES:
Judge: So, you’ve come to beg for the life of your son?
Woman: Yes, Your honor.
Judge: And why do you think I should pardon him?
Woman: It is said that you are a just but merciful man.
Judge: Mercy is given to those who show mercy.
Woman: But, Your honor, he’s my son, my own flesh and blood.
Judge: He may be your own flesh and blood, but he’s a cold-blooded murderer.
 



0 

057. It’s up to…

http://basicenglishspeaking.com/wp-content/uploads/audio/057.mp3
 
I. EXAMPLES:
 A: Do you want to eat a Western or Chinese meal?
B: It’s up to you.
 It’s up to us to help those in need.
 It’s not up to you to tell me how to do my job.
II. DIALOGUES:
Father: I’m looking forward to our son’s graduation this weekend.
Mother: Yes, so am I. But what will he do after graduation? He really needs to go to college.
Father: Well, Dear, we can’t force him to go to college. It’s up to him.
Mother: I know that but he has to learn to be independent. He can’t just keep living at home.
Father: You’re right. I’ll talk to him about getting a job. Maybe he can work at my store.
Mother: That’s  up to you, Dear. You just have to make sure that he does his work and doesn’t loaf around.
 



0 

058. It’s your turn…

http://basicenglishspeaking.com/wp-content/uploads/audio/058.mp3
 
-> you’re on next .Someone’s turn is the time when they can or must do something, because they are with other people who are each doing the same activity one after the other
I. EXAMPLES:
 It’s your turn to tell a story.
 It’s your turn to cook.
 It’s your turn to sweep the floor.
 It’s your turn to give a presentation.
 It’s your turn to perform.
II. DIALOGUES:
A: I have been washing the dishes for over a week now.
B: Well, I think you are very good at doing the dishes, so maybe you should do them for another week.
A: No, we made an agreement that we would take turns doing the dishes. Now it’s your turn to do them.
B: OK, I’ll do them. But I’ll warn you I don’t think I can do them as well as you.
A: That’s OK. I’ll give you plenty of chances to practice until you get really good at it.
B: I knew you would say something like that.
 



0 

059. It may surprise you, but…

http://basicenglishspeaking.com/wp-content/uploads/audio/059.mp3
 
I. EXAMPLES:
 It may surprise you, but I paid off all the debts in a year.
 It may surprise you, but Maggie refused my proposal.
 It may surprise you, but I bought all these books for 20 Yuan.
 It may surprise you, but he’s just been promoted to manager.
 It may surprise you, but he was once in prison.
II. DIALOGUES:
A: How come you never go to McDonalds?
B: This may surprise you, but I’m a vegetarian.
A: So you don’t eat any meat?
B: That’s right; no meat or dairy products.
A: Why dairy products?
B: Because they come from animals.
 



0 

060. I have been…

http://basicenglishspeaking.com/wp-content/uploads/audio/060.mp3
 
->something started in the past and has continued up until now
I. EXAMPLES:
 I have been learning English for almost ten years.
 I have been living here for thirty years.
 Where have you been? We have been looking for you everywhere.
II. DIALOGUES:
A: What’s the matter? You look so tired lately.
B: I haven’t been sleeping very well these past few nights.
A: Why not?
B: I’ve been worried about my financial troubles and when I try to go to bed I can’t sleep.
A: Why don’t you try reading before you go to bed? Maybe that will make you tired.
B: I’ve tried that but it doesn’t work. I end up reading books about money.
 



0 

061. I’ve had enough of…

http://basicenglishspeaking.com/wp-content/uploads/audio/061.mp3
 
I. EXAMPLES:
 I’ve had enough of her continual chatter.
 I’ve had enough of your complaining.
 Haven’t you had enough of him? I found him so boring.
 I’ve had enough of the traffic here.
 I’ve had enough of this city.
II. DIALOGUES:
A: New York City is a tough place to live.
B: Yeah, it’s so crowded and the pollution is so bad.
A: You know, I’ve had enough of this city. I’m going to quit my job and move to the country.
B: What will you do for a job?
A: I don’t know. I’ll do anything as long as it means getting out of here.
B: Well,  I don’t think changing your environment  will make things better. You should learn to be content where you are first.
 



0 

062. I wonder if…？

http://basicenglishspeaking.com/wp-content/uploads/audio/062.mp3
 
I. EXAMPLES:
 I wonder if it would be convenient to visit you next Monday.
 I wonder if Mr. Wang could arrange a meeting with me.
 I was wondering if the manager would agree with my design.
 I was wondering if you could come to the meeting this afternoon.
II. DIALOGUES:
Salesman:  Excuse me,  Miss,  I wonder if I could have a few minutes of your time?
Woman: Why?
Salesman:  Well,  I’d like to introduce  you to the new super model ZX-2000 vacuum cleaner.
Woman: I’m sorry but I’m in a hurry now. I don’t have time to try it out.
Salesman: That’s no problem. Excuse me for interrupting you. Here, have my card.
Woman:  Thanks.  If  I  get  a chance, I will check out  your vacuum cleaner another time.
 



0 

063. I would rather… than…

http://basicenglishspeaking.com/wp-content/uploads/audio/063.mp3
 
->express a preference when making a choice
I. EXAMPLES:
 I would rather stay than leave.
 He would rather work all day long than do nothing.
 The mother would rather die than lose her child.
 She’d rather resign than take part in such shameful business deals.
II. DIALOGUES:
A: I’m desperate for money right now.
B: What’s the matter?
A: I don’t have enough money to pay for my rent.
B: Why don’t you ask Kurt to loan you some money?
A: I’d rather dig trenches with a spoon than ask for his help.
B: I wouldn’t be so proud if I were you. Sounds to me you don’t have much of a choice.
 



0 

064. No matter what…

http://basicenglishspeaking.com/wp-content/uploads/audio/064.mp3
 
I. EXAMPLES:
 No matter what he says, don’t believe him.
 No matter how you do it, it will be wrong.
 No matter where he goes, he carries his suitcase.
 No matter how you spend your holiday, tell me about it.
II. DIALOGUES:
A: What’s bothering you?
B: I want to get out of here and get away from all my problems.
A: Are you sure that changing your location will solve your problems?
B: No but at least things will be different.
A: No, matter where you go, you will bring your problems with you.
B: I guess you’re right.
 



0 

065. No wonder…

http://basicenglishspeaking.com/wp-content/uploads/audio/065.mp3
 
->it is not surprising
I. EXAMPLES:
 You eat so little. No wonder you are so slim.
 Are you a librarian? No wonder you are so well read.
 There is something wrong with your leg? No wonder you walk so slowly.
II. DIALOGUES:
A: Is there something wrong? You look so sad.
B: My house was robbed last night and the thieves stole all my furniture.
A: No wonder you look so upset.
B: Yeah. I called the police but they said there was little they could do.
A: Why not?
B: Because there were no witnesses and the thieves didn’t leave any traces.
 



0 

066. Now that I (come to) think about it,…

http://basicenglishspeaking.com/wp-content/uploads/audio/066.mp3
 
->indicate that you have suddenly realized something, often something obvious.
I. EXAMPLES:
 Now that I come to think about it, you’re right to dismiss him.
 Now that I come to think about it, how ignorant I was!
 Now that I think about it, you are wise not to have accepted him.
 Now that I think about it, he is a person really worth trusting
II. DIALOGUES:
A: Where did you put my dictionary?
B: I’m sorry, but I can’t  remember where I put it last.
A: But that’s my favorite dictionary.
B: Wait, now that I think about it, I left it on the kitchen table.
A: How could you be so careless? You should be more careful with other people’s things.
B: Sorry. I’ll be more careful next time.
 



0 

067. Once you…

http://basicenglishspeaking.com/wp-content/uploads/audio/067.mp3
 
I. EXAMPLES:
 Once you decide, you can’t change your mind.
 Once you have a stomachache, take the medicine twice a day.
 Once he finds out what you’ve done, he’ll get mad.
II. DIALOGUES:
A: My friends have been asking me to smoke cigarettes with them.
B: Be careful! You don’t give in to peer pressure.
A: Why?
B:  First  of  all,  smoking is bad for your health  and second,  once you start smoking it will be hard to stop.
A: Yeah, you’re right. I know a lot of people who are addicted to smoking.
B: I bet most of them started because their friends also smoked.
A: You’re right. I won’t do it. I won’t smoke with my friends.
 



0 

068. … only to find…

http://basicenglishspeaking.com/wp-content/uploads/audio/068.mp3
 
I. EXAMPLES:
 I ran to the station only to find that the train had left.
 She came home excitedly only to find nobody was in.
 I search desperately for my purse, only to find all my money was gone.
 I arrived at the restaurant, only to find I had no money on me.
II. DIALOGUES:
A: Why are you so late?
B: I’m sorry but I missed the bus.
A: How could you miss the bus?
B:  I hurried to get to the bus stop only to find I didn’t have enough change to pay the fare.
A: I’m sorry to hear that.
B: I had to go back home and get some change and wait for the next bus.
 



0 

069. On one hand…on the other hand…

http://basicenglishspeaking.com/wp-content/uploads/audio/069.mp3
 
-> use this expression when you are speaking about two different facts or two opposite ways of thinking about a situation.
I. EXAMPLES:
 On one hand, it’s convenient, but on the other hand, it’s time-consuming.
 On one hand, he is very obedient to his wife; on the other hand, he treats his parents badly.
 On one hand,  Jason does everything in the  office;  on the other hand,  he does nothing at home.
 As a teacher, he is very patient in class; but on the other hand, he is not so patient with his own child.
II. DIALOGUES:
A: What do you think of Shakespeare?
B:  On one hand his plays are very interesting to watch but on the other hand they are hard to read.
A: I feel the same way sometimes.
B: So what do you do?
A: I just try to catch the general meaning of each sentence.
B: That sounds like a good idea.
 



0 

070. See that…

http://basicenglishspeaking.com/wp-content/uploads/audio/070.mp3
 
->to make sure that someone does something or that something happens
I. EXAMPLES:
 See that the door is locked before you leave.
 See that you have enough sleep every day.
 See that you go to see your parents often.
II. DIALOGUES:
Employer: You were late to work again this morning.
Employee: Yes, I’m sorry but I had to help my mother go to the hospital. She was sick.
Employer: I don’t care what you had to do. You’re supposed to be on time. See that you’re not late again.
Employee: But this was an emergency.
Employer: It’s your third emergency this month.
Employee: Yeah well, my mother gets sick a lot.
 



0 

071. Speaking of…

http://basicenglishspeaking.com/wp-content/uploads/audio/071.mp3
 
-> say speaking of something that has just been mentioned as away of introducing a new topic which has some connection with that thing.
I. EXAMPLES:
 Speaking of the movies, have you seen “The Patriot”?
 Speaking of honesty, I know a lot of people who don’t pay bus fares.
 Speaking of Ben, have you seen him recently?
 Speaking of bicycles, China is called “the kingdom of bicycles”.
II. DIALOGUES:
A: I can’t wait until Valentine’s Day.
B: Speaking of Valentine’s Day, how is your girlfriend?
A: She’s doing well. I took her out to dinner last night.
B: Did you have a good time?
A: Yeah, the food was delicious.
B: Hey, speaking of food, are you hungry? Let’s grab a bite to eat.
A: That sounds great. Let’s get some Chinese food.
 



0 

072. Thanks to…

http://basicenglishspeaking.com/wp-content/uploads/audio/072.mp3
 
-> similar meaning with “Because of” , express gratitude being due to someone or something; with the benefit of help from

I. EXAMPLES:
 Thanks to their help, we accomplished the task on time.
 Thanks to computers, lots of tasks are now easier.
 Thanks to your timely warning, I didn’t make a mistake.
 Thanks to your stupidity, we lost our game.
II. DIALOGUES:
A: I’m so glad we won the game.
B: Thanks to you, you scored the final goal and won.
A: Actually, you deserve the credit. Thanks to you, the ball was passed to me and I scored.
B: Yeah, we all worked together.
A: I hope that we can win the next game.
B: If we work together like we did this past game, I’m sure we will.
 



0 

073. Thank you for…

http://basicenglishspeaking.com/wp-content/uploads/audio/073.mp3
 
I. EXAMPLES:
 Thank you for what you have done for me.
 Thank you for your help.
 Thank you for the gift.
 Thank you for giving me a lift.
 Thank you for your advice.
II. DIALOGUES:
A: I have a big favor to ask.
B: What is it?
A: Well, I need to borrow $1,000 for the down payment on a car.
B: OK, I’ll lend you the money but you have to pay it back as soon as you can.
A: I promise I will. Thanks a million.
B: You’re welcome.
 



0 

074. The first thing I’m going to do when… is…

http://basicenglishspeaking.com/wp-content/uploads/audio/074.mp3
 
I. EXAMPLES:
 The first thing I’m going to do when I get home is sleep for a whole day.
 The first thing I’m going to do when I get a pay raise is to treat you to dinner.
 The first thing I’m going to do when I spend my vacation in the country is go fishing.
II. DIALOGUES:
A: Did you get a package in the mail today?
B: I sure did.
A: What was it?
B: A box of cookies from my mom.
A: That’s great! She’s coming here next week, isn’t she?
B: Yes, she is. The first thing I’m goanna do when I see her is give her a hug and thank her.
 



1 

075. The more…the more…

http://basicenglishspeaking.com/wp-content/uploads/audio/075.mp3
 
I. EXAMPLES:
 The more you put your heart into English, the more you’ll be interested in it.
 The more you pay, the more you will gain.
 The sooner, the better.
 The earlier you set about your work, the sooner you will finish it.
II. DIALOGUES:
A: Are you still selling your car?
B: Yeah, but the more I think about it, the more I want to keep it.
A: Why’s that?
B: Because buying a new car would be very expensive and I wouldn’t be able to afford the insurance.
A: But you already put an ad in the paper.
B: I know but if anybody calls, I’ll just tell them it’s not for sale anymore.
 



1 

076. There is nothing as…as…

http://basicenglishspeaking.com/wp-content/uploads/audio/076.mp3
 
I. EXAMPLES:
 There is nothing as exciting as meeting an old friend unexpectedly.
 For me, there is nothing as enjoyable as reading a novel on the grass.
 There is nothing as pleasant as spending a weekend in the countryside.
 There is nothing as refreshing as having a good rest.
II. DIALOGUES:
A: Do you cook for yourself?
B: Yes, I do, but it’s not the same as what my mother makes.
A: I know what you mean. There’s nothing as good as home cooking.
B: My mom’s given me some recipes, but when I make them they don’t come out the same as when she cooks.
A: Maybe you should just ask her to cook for you.
B: No, I’d rather try and learn myself.
 



0 

077. There is nothing I like better than…

http://basicenglishspeaking.com/wp-content/uploads/audio/077.mp3
 
I. EXAMPLES:
 There is nothing I like better than listening to the radio.
 There is nothing women like better than shopping.
 There is nothing she likes better than chatting with friends.
II. DIALOGUES:
A: Did you just finish playing basketball?
B: Yes and I’m so thirsty.
A: How about a Coke?
B: That sounds great! There’s nothing better than a cold Coke when you’re hot and thirsty.
A: So how does it taste?
B: Great! Thanks a million.
 



1 

078. We’d be better off without…

http://basicenglishspeaking.com/wp-content/uploads/audio/078.mp3
 
->in a more satisfactory condition or situation if without someone/something
I. EXAMPLES:
 We’d be better off without them as neighbors.
 We’d be better off without him at the party.
 They’d be better off without their wives around them.
 I’d be better off without the incident on my mind.
II. DIALOGUES:
A: Our new dog has been howling all night long.
B: I know. It’s really getting on my nerves.
A: We should have gotten a quieter pet, like a fish.
B: I agree. I think we’d  be better off without a dog.
A: So what are we going to do?
B: I guess we’ll have to bring it back to the animal shelter.
 



0 

079. We’d better…

http://basicenglishspeaking.com/wp-content/uploads/audio/079.mp3
 
->give advice about specific situations; would be wise to do something .

I. EXAMPLES:
 We’d better buy a computer.
 You’d better not ask him.
 You had best accept his success.
 You had best set out early.
II. DIALOGUES:
A: I heard the temperature is going to drop dramatically tonight.
B: Really?
A: Yes, so you’d better dress warmly before you go out.
B: I will. Thanks for telling me.
A: You’re welcome. I wouldn’t want you to catch a cold.
B: Thanks for your concern. I don’t want to get sick either.
 



0 

080. We may as well…

http://basicenglishspeaking.com/wp-content/uploads/audio/080.mp3
 
->there is no reason you should not do something

I. EXAMPLES:
 We may as well buy a Benz since you don’t like Ford.
 We may as well have a try since it’s worth doing.
 We may as well take the risk. Nothing ventured, nothing gained.
II. DIALOGUES:
A: We’ve been looking for your lost CD for hours.
B: It’s got to be here somewhere.
A: We’ll never find it. We may as well give up.
B: No way. It’s my favorite CD.
A: OK, I’ll help you look for another ten minutes then I’m going home.
B: Don’t worry I know we’ll find it.
 



1 

081. What becomes of…？

http://basicenglishspeaking.com/wp-content/uploads/audio/081.mp3
 
-> to happen to; be the fate of

I. EXAMPLES:
 What became of the poor child?
 What will become of my family if my father goes bankrupt?
 What will become of my dog during my absence?
 What will become of the water if we put it outside during the winter?
II. DIALOGUES:
A:  Remember that old man who used to beg for money on the street across from our house?
B: Yeah. Whatever became of him?
A: Well he got a job and now he owns a small ice cream shop in town.
B: That’s great. We should visit him some time.
A: Yeah, we should. Let’s go today and get some ice cream.
B: Then we can ask him how he’s been and how he started his business.
 



0 

082. What can I do for…？

http://basicenglishspeaking.com/wp-content/uploads/audio/082.mp3
 
I. EXAMPLES:
 What can I do for you?
 What can I do to cheer her up?
 What can I do to make him satisfied?
 What can I do to stop them?
II. DIALOGUES:
Customer: Excuse me, are you the tailor?
Tailor: Yes, I am. What can I do for you?
Customer: Well, I’d like to have a business suit made for me.
Tailor: Sure, let me take your measurements then you can tell me what style you’d like.
Customer: When do you think you can finish the suit?
Tailor: Well, it  depends on what  style you want.  Business suits usually take about a week to finish.
 



0 

083. What do you mean by…?

http://basicenglishspeaking.com/wp-content/uploads/audio/083.mp3
 
I. EXAMPLES:
 What do you mean by saying that?
 What do you mean by canceling your performance?
 What do you mean by “out of the question”?
 What do you mean by asking such a question?
II. DIALOGUES:
Boyfriend: Happy anniversary!
Girlfriend: What do you mean?
Boyfriend: Today is our one-month anniversary of dating.
Girlfriend: Oh, I see. You know everything has a beginning and an end.
Boyfriend: What do you mean by saying that?
Girlfriend: Well, I think it’s time for us to break up. I’m sorry.
 



1 

084. …what-do-you-call-it (what·cha·ma·call·it)

http://basicenglishspeaking.com/wp-content/uploads/audio/084.mp3
 
->be used to describe an object or person whose name you do not know or cannot recall.
I. EXAMPLES:
 I’ve got the what-do-you-call-it for you.
 I cannot find the what-do-you-call-it.
 She’s just gone out with old what’s-his-name.
 What’s-his-name called you this morning?
 Where did you put the what-do-you-call-it?
II. DIALOGUES:
Wife: Honey, you’ve been trying to fix that sink for hours.
Husband: I know, I know. My back is killing me.
Wife: Well, how can I help you?
Husband: Hand me that what-do-you-call-it.
Wife: You mean the wrench?
Husband: Yeah that’s it.
 



2 

085. What do you say…?

http://basicenglishspeaking.com/wp-content/uploads/audio/085.mp3
 
I. EXAMPLES:
 What do you say about going to the cinema this afternoon?
 Let’s go by plane. What do you say?
 What do you say about some light music?
II. DIALOGUES:
A: I’m so upset.
B: What’s the matter?
A: My girlfriend broke up with me today.
B: I’m sorry to hear that. Hey, what do you say you and I go to the movies this afternoon? Maybe that will cheer you up.
A: That sounds like a good idea.
B: Sure it is. It will get your mind off of your girlfriend, I mean your ex-girlfriend.
 



0 

086. What… for…

http://basicenglishspeaking.com/wp-content/uploads/audio/086.mp3
 
I. EXAMPLES:
 What is it for?
 What did you say that for?
 What do you need so much money for?
II. DIALOGUES:
A: Have you heard that my father is going to quit his job?
B: What would he do that for?
A: He said work is too hectic and that he needs a break.
B: What will he do to earn a living?
A: He said he would take a vacation for a while and then go into the carpentry business. He thinks it will be more relaxing.
B: Well, I hope he’s happy.
 



0 

087. What if…?

http://basicenglishspeaking.com/wp-content/uploads/audio/087.mp3
 
I. EXAMPLES:
 What if it rains when we have no umbrella with us?
 What if they are against us?
 What if we get lost in the jungle?
 What if they don’t approve of our earning some money in our spare time?
II. DIALOGUES:
A: Did you hear the weather forecaster’s  prediction for rain tomorrow?
B:  Yeah,  but  I never believe the weather reports because they are usually wrong.
A: But what if he’s right?
B: I guess we’ll have to change our plans for tomorrow.
A: That means we can’t go to the beach.
B: Only if it rains.
 



0 

088. What I’m trying to say is…

http://basicenglishspeaking.com/wp-content/uploads/audio/088.mp3
 
I. EXAMPLES:
 What I’m trying to say is that he is a good husband.
 What I’m trying to say is that it’s worth buying.
 What I’m trying to say is that human nature doesn’t change.
 What I’m trying to say is that you should think of others.
 What I’m trying to say is that smoking is harmful.
II. DIALOGUES:
A: Where did you put my Walkman?
B: I forget.
A: You should be more careful with other people’s things.
B: Are you saying I’m careless?
A:  What I’m trying to say is that when you borrow something from someone, you should take good care of it.
B: I’m sorry. Please forgive me. I’ll try to find it right away.
 



0 

089. What’s the matter with…?

http://basicenglishspeaking.com/wp-content/uploads/audio/089.mp3
 
->What is the difficulty or problem?
I. EXAMPLES:
 What’s the matter with him?
 What’s the matter with your finger? It’s bleeding.
 What’s wrong with this machine?
 What’s wrong with you, Mum? You look so pale.
 What’s wrong with your car?
II. DIALOGUES:
A: Your face is so pale. Are you OK?
B:   No, I’ve had a fever for a few days and I am sick to my stomach.
A:   What’s the matter with you?
B:   I think I have food poisoning.
A:   What do you think it was from?
B: I had some raw seafood the other day at a Japanese restaurant. Maybe that was it.
 



1 

090. What would you do if…?

http://basicenglishspeaking.com/wp-content/uploads/audio/090.mp3
 
I. EXAMPLES:
 What would you do if you were me?
 What would you do if you were in my shoes?
 What would you do if you had a lot of money?
 What would you do if you failed?
 What would you do if the rumors were true?
II. DIALOGUES:
A: Can I ask you a hypothetical question?
B: Sure, go ahead.
A: What would you do if you were given a million dollars?
B: Well, first I’d buy a nice house for my parents to live in and take care of all their financial problems. Then I’d buy a house for my sister and do the same.
A: That’s very nice of you.
B: I’d just like to take care of my family as best as I can.
 



1 

091. What’s the use of…?

http://basicenglishspeaking.com/wp-content/uploads/audio/091.mp3
 
->used for saying that something is not likely to have a successful result, and so there is no point in doing it
I. EXAMPLES:
 What’s the use of talking about it?
 What’s the use of crying over spilt milk?
 What’s the point of arguing with her?
 What’s the point of worrying about it?
II. DIALOGUES:
A: How long have you been studying English?
B: Over ten years now, but my English is not very fluent at all.
A: Why not?
B: I don’t like speaking English because I’m afraid of making mistakes.
A: What’s the use of studying English if you won’t speak it?
B:  You’re right. I should try to speak out more and not be so afraid of making mistakes.
 



0 

092. What’s your favorite…?

http://basicenglishspeaking.com/wp-content/uploads/audio/092.mp3
 
I. EXAMPLES:
 What’s your favorite dish?
 Who is your favorite film star?
 What’s your favorite subject?
 Which is your favorite book?
II. DIALOGUES:
A: I love ice cream.
B: Really? Me too. What’s your favorite flavor?
A: Well, I like both strawberry and coffee ice cream.
B: I like vanilla best.
A: What’s your second favorite ice cream flavor?
B: My second favorite is peppermint.
 



0 

093. Where can I…?

http://basicenglishspeaking.com/wp-content/uploads/audio/093.mp3
 
I. EXAMPLES:
 Where can I get a map?
 Where can I find a policeman?
 Where can I find him?
II. DIALOGUES:
A: I plan to go to Beijing this summer.
B: That sounds great. Where will you go when you get there?
A: I’m not sure yet. I have to make a plan. Where can I get a map of Beijing?
B: I have one. I can lend to you.
A: That would be great. I’ll take care of it and give it back when I’m done.
B: OK. Just be careful because it’s my only copy.
 



1 

094. Where there is… there is…

http://basicenglishspeaking.com/wp-content/uploads/audio/094.mp3
 
I. EXAMPLES:
 Where there are difficulties, there are ways to get over them.
 Where there is opposition, there are rebellions.
 Where there is contact, there is friction.
 Where there are women, there are jealousy and suspicion.
 Where there is a will, there is a way.
II. DIALOGUES:
Son:  Dad,  I’ll be having my college interview with  Harvard University  next week.
Father: That’s great son, I’m glad to hear that.
Son:  Yeah, but the problem is the competition to get into that college is very stiff.
Father: Well, are you sure you really want to go there?
Son: Yes, I’ve wanted to go to that college since I was in junior high school.
Father: Don’t worry, Son. If you really want to go there, then I’m sure you will get in. Remember, where there’s a will there’s a way.
 



0 

095. Whether or not…

http://basicenglishspeaking.com/wp-content/uploads/audio/095.mp3
 
-> under whatever circumstances; regardless
I. EXAMPLES:
 Whether it rains or not, we’ll hold the sports meet.
 They’ll find out the truth, whether or not you tell it to them.
 Whether or not we like it, we have to accept it.
 Whether you are willing or not, you have to do it.
II. DIALOGUES:
A: I don’t like this movie.
B: Look, I already paid for the tickets, so whether you like it or not we’re going to finish watching it.
A: Well, I’ll just read a book then.
B: Don’t be such a stick in the mud. Just watch it with me.
A: But I don’t like it.
B: Come on, give it a chance. The movie just started.
 



0 

096. Why not…?

http://basicenglishspeaking.com/wp-content/uploads/audio/096.mp3
 
I. EXAMPLES:
 Why not try to persuade him to give up smoking?
 Why don’t you go ask the teacher?
 Why not buy some ready-made food?
 A: Let’s go to see a film tonight.
B: Sure, why not?
II. DIALOGUES:
Teacher:  I’d like you to introduce the guest speaker at  the student assembly today.
Student: Why me? I can’t do that.
Teacher: Why not? You’re a good student and I think you will do a great job.
Student:  But  I’ve never spoken in front of so many people before.  I wouldn’t know what to say.
Teacher: Don’t worry. I’ll help you prepare the speech. Why not give it a try?
Student: OK, I guess I have nothing to lose.
 



0 

097. Would you care for …?

http://basicenglishspeaking.com/wp-content/uploads/audio/097.mp3
 
->used for asking politely whether someone would like something
I. EXAMPLES:
 Would you care for something to drink?
 Would you care for some tea?
 Would you like to borrow my car?
 Would you like to try yourself?
II. DIALOGUES:
Waiter: How was your meal?
Customer: It was delicious.
Waiter: Would you care for some dessert?
Customer: What do you recommend?
Waiter:  There’s a Greek pastry called baklava that’s made of  chopped nuts, butter and cinnamon all soaked in honey. Would you like to try it?
Customer: Sure. It sounds delicious.
 



1 

098. You are not to…

http://basicenglishspeaking.com/wp-content/uploads/audio/098.mp3
 
->acknowledge instructions or regulations
I. EXAMPLES:
 You are not to doze off in class.
 You are not to waste your time doing nothing.
 You are not to scribble on the wall.
 You are not to take photos in the museum.
II. DIALOGUES:
Boyfriend: May I see your daughter please?
Father: My daughter is very upset right now.
Boyfriend: Please just give me a chance. I want to talk to her.
Father: I’m sorry but you’re not to see her again.
Boyfriend: But why?
Father:  You’re a monster.  She doesn’t need someone like you to break her heart.
 



1 

099. You can never… too…

http://basicenglishspeaking.com/wp-content/uploads/audio/099.mp3
 
->”You can never be too careful driving”  means that you should always be very careful, and that there is no such thing as being TOO careful, since the more careful you are, the better.
I. EXAMPLES:
 You can never be too careful driving.
 We cannot praise him enough as a hero.
 One cannot practice enough when learning a foreign language.
 You can never overestimate Shakespeare’s plays.
 You can never over-emphasize the importance of physical training.
II. DIALOGUES:
A: Where is Allen? He’s late.
B: Did you give him directions on how to get here?
A: He told me he already knew how to get here.
B: You can never be too sure with him.
A: Why is that?
B: Because he has a bad sense of direction and he always gets lost.
 



2 

100. You only have to…in order to…

http://basicenglishspeaking.com/wp-content/uploads/audio/100.mp3
 
I. EXAMPLES:
 You only have to ask her in order to know what has happened.
 You only have to call her in order to know whether she will come or not.
 I only have to consult the digital dictionary in order to find out the meaning of a word I don’t know.
 You only have to ask the teacher in order to solve the problem.
 You only have to get some newspapers in order to find the advertisements you need.
II. DIALOGUES:
Teacher: Have you started your report yet?
Student: I’m having a hard time getting the information.
Teacher: It’s so easy to get information these days.
Student: Then how can I get it?
Teacher: You only have to search the Internet  in order to get  the information you’re looking for.
Student: Oh, I didn’t think of that.
 

